INFO:root:Building paraphraser...
INFO:filelock:Lock 1951881837896 acquired on C:\Users\Asier/.cache\huggingface\transformers\228bf547d7b558b48e3dc498693b0d2aeab5853ed59ce8e5fdabb5e18dfaee37.eb8267d7031091d568aae9212ddda7dd290d132715655de9aec1f057443407d1.lock
INFO:filelock:Lock 1951881837896 released on C:\Users\Asier/.cache\huggingface\transformers\228bf547d7b558b48e3dc498693b0d2aeab5853ed59ce8e5fdabb5e18dfaee37.eb8267d7031091d568aae9212ddda7dd290d132715655de9aec1f057443407d1.lock
INFO:filelock:Lock 1951880925640 acquired on C:\Users\Asier/.cache\huggingface\transformers\45dc4f05062de054a411a019b937b6c466413b4e81084482c639e5781f0c45f0.68618a472097c30d7e6aed40e1c103ec9ac82180e79b67200938f972e2ae7961.lock
INFO:filelock:Lock 1951880925640 released on C:\Users\Asier/.cache\huggingface\transformers\45dc4f05062de054a411a019b937b6c466413b4e81084482c639e5781f0c45f0.68618a472097c30d7e6aed40e1c103ec9ac82180e79b67200938f972e2ae7961.lock
INFO:filelock:Lock 1951881648392 acquired on C:\Users\Asier/.cache\huggingface\transformers\14da51af6728f7c898889a6719f36fc77d8207e2ce1d447dfb7440a412b82277.e873c7e08df7e18bb9bf2f447deb8ada957f734227ed93e1a1d034e87efb86fd.lock
INFO:filelock:Lock 1951881648392 released on C:\Users\Asier/.cache\huggingface\transformers\14da51af6728f7c898889a6719f36fc77d8207e2ce1d447dfb7440a412b82277.e873c7e08df7e18bb9bf2f447deb8ada957f734227ed93e1a1d034e87efb86fd.lock
INFO:filelock:Lock 1951881626312 acquired on C:\Users\Asier/.cache\huggingface\transformers\34764786b6dc57ffada29c2d301786c5b79149f7350b125ed24e3d1e5f055362.182b1371432f1de63720756be5724a6208ee22708dd126a18d13a7eca8398e78.lock
INFO:filelock:Lock 1951881626312 released on C:\Users\Asier/.cache\huggingface\transformers\34764786b6dc57ffada29c2d301786c5b79149f7350b125ed24e3d1e5f055362.182b1371432f1de63720756be5724a6208ee22708dd126a18d13a7eca8398e78.lock
INFO:filelock:Lock 1951881471624 acquired on C:\Users\Asier/.cache\huggingface\transformers\2ce4b2158aacfb399b65b3a6ccb7bdfc0f5b7a8bae1607720e238be79cce7a4d.fc214b474385231bb985c76dfd905dda2fa16e620a38b39d1900d42ff7d704f6.lock
INFO:filelock:Lock 1951881471624 released on C:\Users\Asier/.cache\huggingface\transformers\2ce4b2158aacfb399b65b3a6ccb7bdfc0f5b7a8bae1607720e238be79cce7a4d.fc214b474385231bb985c76dfd905dda2fa16e620a38b39d1900d42ff7d704f6.lock
INFO:filelock:Lock 1951880913864 acquired on C:\Users\Asier/.cache\huggingface\transformers\2ad58a92fe4f60b9191b13eacbc274b34aadba290c4f6cd71d0da0ac38316237.0f811b7ff13f301e00fbf8ba95b3b7421219740a3ca6804d5852cdb82771eca3.lock
INFO:filelock:Lock 1951880913864 released on C:\Users\Asier/.cache\huggingface\transformers\2ad58a92fe4f60b9191b13eacbc274b34aadba290c4f6cd71d0da0ac38316237.0f811b7ff13f301e00fbf8ba95b3b7421219740a3ca6804d5852cdb82771eca3.lock
INFO:filelock:Lock 1949972329032 acquired on C:\Users\Asier/.cache\huggingface\transformers\70826981b4a8b6b499e8fac2a29387ced651affa00957fc21f79db31d1f75cde.68618a472097c30d7e6aed40e1c103ec9ac82180e79b67200938f972e2ae7961.lock
INFO:filelock:Lock 1949972329032 released on C:\Users\Asier/.cache\huggingface\transformers\70826981b4a8b6b499e8fac2a29387ced651affa00957fc21f79db31d1f75cde.68618a472097c30d7e6aed40e1c103ec9ac82180e79b67200938f972e2ae7961.lock
INFO:filelock:Lock 1949972282440 acquired on C:\Users\Asier/.cache\huggingface\transformers\3450d7fc75b04c5baa42d12ae2d801e510036225267c35f4242569e557f31c5a.eb8267d7031091d568aae9212ddda7dd290d132715655de9aec1f057443407d1.lock
INFO:filelock:Lock 1949972282440 released on C:\Users\Asier/.cache\huggingface\transformers\3450d7fc75b04c5baa42d12ae2d801e510036225267c35f4242569e557f31c5a.eb8267d7031091d568aae9212ddda7dd290d132715655de9aec1f057443407d1.lock
INFO:filelock:Lock 1949972328712 acquired on C:\Users\Asier/.cache\huggingface\transformers\061af3aa968360c22a528327663ada43bb28acd59335acced7e4547d561e7123.e873c7e08df7e18bb9bf2f447deb8ada957f734227ed93e1a1d034e87efb86fd.lock
INFO:filelock:Lock 1949972328712 released on C:\Users\Asier/.cache\huggingface\transformers\061af3aa968360c22a528327663ada43bb28acd59335acced7e4547d561e7123.e873c7e08df7e18bb9bf2f447deb8ada957f734227ed93e1a1d034e87efb86fd.lock
INFO:filelock:Lock 1949972302728 acquired on C:\Users\Asier/.cache\huggingface\transformers\15279b5d292bb0d6d6726651689178080e992f62b2c0aa295eff4561f8029134.2dde572f845ebd0145fd671b40d616d622874c503b2d630aa2d860cdc4f01ebd.lock
INFO:filelock:Lock 1949972302728 released on C:\Users\Asier/.cache\huggingface\transformers\15279b5d292bb0d6d6726651689178080e992f62b2c0aa295eff4561f8029134.2dde572f845ebd0145fd671b40d616d622874c503b2d630aa2d860cdc4f01ebd.lock
INFO:filelock:Lock 1949972264776 acquired on C:\Users\Asier/.cache\huggingface\transformers\5566c725dad35ccaaac4bcc610ab98d4899a78aadaf0f3c8c5ad5b2af95ae4fd.fc214b474385231bb985c76dfd905dda2fa16e620a38b39d1900d42ff7d704f6.lock
INFO:filelock:Lock 1949972264776 released on C:\Users\Asier/.cache\huggingface\transformers\5566c725dad35ccaaac4bcc610ab98d4899a78aadaf0f3c8c5ad5b2af95ae4fd.fc214b474385231bb985c76dfd905dda2fa16e620a38b39d1900d42ff7d704f6.lock
INFO:filelock:Lock 1951881626184 acquired on C:\Users\Asier/.cache\huggingface\transformers\41f4a7266a06ff156367bef0d8110a883abae1c7e5991ae617b4dfddca1946b3.b3c6bae2bf9fb9c6095fc1a287ed1817a5c001614ac12646d2fa0b2665f8b800.lock
INFO:filelock:Lock 1951881626184 released on C:\Users\Asier/.cache\huggingface\transformers\41f4a7266a06ff156367bef0d8110a883abae1c7e5991ae617b4dfddca1946b3.b3c6bae2bf9fb9c6095fc1a287ed1817a5c001614ac12646d2fa0b2665f8b800.lock
INFO:root:Building: Elapsed 28.582448959350586s
INFO:root:Translating from en into en via is
WARNING:root:Ignoring duplicated sentences
INFO:root:Translating from en into is
INFO:root:Translating...
INFO:root:Translation: Elapsed 613.1770250797272s
INFO:root:Translating from is into en
INFO:root:Translating...
INFO:root:Translation: Elapsed 733.9840009212494s
INFO:root:Total: Elapsed 1378.3444740772247s
